Agent Group Id: 025000000000002
Agent Group Name: Informatica Cloud Hosted Agent
Agent Id: 00800000000004E
Task Name: Advance Mapping
Task Type: MTT_TEST
Task Id: 012FV20Z000000000003
Run Id: 1
Service Id: 1287390
Started By: sasmita.puhan@ibm.com
Run Context Type: ICS_UI
01/30/2024 05:39:37 **** Importing Connection: Conn_012FV20B000000000003 ...
01/30/2024 05:39:37 **** Importing Source Definition: Phones ...
01/30/2024 05:39:37 **** Importing Target Definition: Sasmita_Ranked_Phones ...
01/30/2024 05:39:37 **** Importing SessionConfig: default_session_config ...
    <Warning> :  The Error Log DB Connection value should have Relational: as the prefix.
    <Warning> :  Invalid value  for attribute Error Log DB Connection. Will use the default value 
    Validating Source Definition  Phones...
    Validating Target Definition  Sasmita_Ranked_Phones...
01/30/2024 05:39:37 **** Importing Mapping: Mapping0 ...
    <Warning> :  transformation: Source - Invalid value  for attribute Output is repeatable. Will use the default value Never    [transformation< Source > ] 
Validating transformations of mapping Mapping0...
Validating mapping variable(s).
01/30/2024 05:39:37 **** Importing Workflow: wf_mtt_012FV20Z000000000003 ...
    <Warning> :  Invalid value None for attribute Pushdown Optimization Context. Will use the default value None     [Session< s_mtt_012FV20Z000000000003 > ] 
    <Warning> :  The value entered is not a valid integer.
    <Warning> :  Invalid value NO for attribute Fail task after wait time. Will use the default value 
Successfully extracted session instance [s_mtt_012FV20Z000000000003].  Starting repository sequence id is [-500446716]
DIRECTOR> VAR_27085 [2024-01-30 05:39:37.745] Parameter file [/data2/home/cldagnt/SystemAgent/apps/Data_Integration_Server/data/012FV20E00000000005P/012FV2/parameters/s_mtt_012FV20Z000000000003.param] is opened for [session [wf_mtt_012FV20Z000000000003.s_mtt_012FV20Z000000000003]].
DIRECTOR> VAR_27062 [2024-01-30 05:39:37.746] Warning! Cannot find section for worklet [wf_mtt_012FV20Z000000000003] and folder [] in parameter file [/data2/home/cldagnt/SystemAgent/apps/Data_Integration_Server/data/012FV20E00000000005P/012FV2/parameters/s_mtt_012FV20Z000000000003.param].
DIRECTOR> TM_6014 [2024-01-30 05:39:37.746] Initializing session [s_mtt_012FV20Z000000000003] at [Tue Jan 30 05:39:37 2024].
DIRECTOR> TM_6683 [2024-01-30 05:39:37.746] Repository Name: [XMLRepository]
DIRECTOR> TM_6684 [2024-01-30 05:39:37.746] Server Name: [rDTM]
DIRECTOR> TM_6686 [2024-01-30 05:39:37.746] Folder: []
DIRECTOR> TM_6685 [2024-01-30 05:39:37.746] Workflow: [wf_mtt_012FV20Z000000000003] Run Instance Name: [] Run Id: [0]
DIRECTOR> TM_6992 [2024-01-30 05:39:37.746] Operating System Type [Linux]
DIRECTOR> TM_6101 [2024-01-30 05:39:37.746] Mapping name: Mapping0.
DIRECTOR> TM_6964 [2024-01-30 05:39:37.747] Date format for the Session is [MM/DD/YYYY HH24:MI:SS.US]
DIRECTOR> TM_6703 [2024-01-30 05:39:37.747] Session [s_mtt_012FV20Z000000000003] is run by 64-bit Integration Service  [], version [10.2.0 HotFix2], build [0320].
MANAGER> PETL_24091 [2024-01-30 05:39:37.759] Thread [MANAGER] has the ID [1].
MANAGER> PETL_24058 [2024-01-30 05:39:37.759] Running Partition Group [1].
MANAGER> PETL_24000 [2024-01-30 05:39:37.759] Parallel Pipeline Engine initializing.
MONITOR> PETL_24091 [2024-01-30 05:39:37.759] Thread [MONITOR] has the ID [2].
MANAGER> PETL_24001 [2024-01-30 05:39:37.760] Parallel Pipeline Engine running.
MANAGER> PETL_24003 [2024-01-30 05:39:37.760] Initializing session run.
MAPPING> PETL_24091 [2024-01-30 05:39:37.760] Thread [MAPPING] has the ID [3].
MAPPING> CMN_1569 [2024-01-30 05:39:37.762] Server Mode: [UNICODE]
MAPPING> CMN_1570 [2024-01-30 05:39:37.762] Server Code page: [ISO 8859-1 Western European]
MAPPING> TM_6151 [2024-01-30 05:39:37.762] The session sort order is [Binary].
MAPPING> TM_6185 [2024-01-30 05:39:37.762] Warning. Code page validation is disabled in this session.
MAPPING> CMN_65110 [2024-01-30 05:39:37.762] Current Timezone:[UTC -5:0]
MAPPING> CMN_65111 [2024-01-30 05:39:37.762] Current Process ID:[326]
MAPPING> TM_6155 [2024-01-30 05:39:37.762] Using HIGH precision processing.
MAPPING> TM_6180 [2024-01-30 05:39:37.762] Deadlock retry logic will not be implemented.
MAPPING> TM_6187 [2024-01-30 05:39:37.762] Session target-based commit interval is [10000].
MAPPING> TM_6307 [2024-01-30 05:39:37.763] DTM error log disabled. 
MAPPING> TE_7022 [2024-01-30 05:39:37.763] TShmWriter: Initialized
MAPPING> DBG_21694 [2024-01-30 05:39:37.819] Rank Partition [0]: Index cache size = [1000000], Data cache size = [2000000]
MAPPING> TE_7212 [2024-01-30 05:39:37.899] Increasing [Index Cache] size for transformation [Rank] from [1000000] to [1049760].
MAPPING> TE_7212 [2024-01-30 05:39:37.899] Increasing [Data Cache] size for transformation [Rank] from [2000000] to [2110976].
MAPPING> TE_7029 [2024-01-30 05:39:37.899] Aggregate Information: Creating New Index and Data Files
MAPPING> TE_7034 [2024-01-30 05:39:37.899] Aggregate Information: Index file is [/data2/home/cldagnt/SystemAgent/apps/Data_Integration_Server/data/012FV20E00000000005P/012FV2/cache/PMAGG-500446686_5_0.idx]
MAPPING> TE_7035 [2024-01-30 05:39:37.899] Aggregate Information: Data file is [/data2/home/cldagnt/SystemAgent/apps/Data_Integration_Server/data/012FV20E00000000005P/012FV2/cache/PMAGG-500446686_5_0.dat]
MAPPING> TM_6007 [2024-01-30 05:39:37.900] DTM initialized successfully for session [s_mtt_012FV20Z000000000003]
DIRECTOR> PETL_24033 [2024-01-30 05:39:37.900] All DTM Connection Info: [<NONE>].
MANAGER> PETL_24004 [2024-01-30 05:39:37.900] Starting pre-session tasks. : (Tue Jan 30 05:39:37 2024)
PRE-SESS> PETL_24091 [2024-01-30 05:39:37.900] Thread [PRE-SESS] has the ID [4].
MANAGER> PETL_24027 [2024-01-30 05:39:37.902] Pre-session task completed successfully. : (Tue Jan 30 05:39:37 2024)
DIRECTOR> PETL_24006 [2024-01-30 05:39:37.902] Starting data movement.
MAPPING> TM_6660 [2024-01-30 05:39:37.902] Total Buffer Pool size is 11280640 bytes and Block size is 624480 bytes.
READER_1_1_1> PETL_24091 [2024-01-30 05:39:37.903] Thread [READER_1_1_1] has the ID [5].
READER_1_1_1> DBG_21438 [2024-01-30 05:39:37.959] Reader: Source is [odbc://dbtype=MySQL;host=db4free.net;port=3306;database=fstm4db], Type [ODBC], User [fstm4db]
READER_1_1_1> BLKR_16051 [2024-01-30 05:39:37.999] Source database connection [Conn_012FV20B000000000003] code page: [UTF-8 encoding of Unicode]
READER_1_1_1> CMN_1021 [2024-01-30 05:39:37.999] Database driver event...
CMN_1021 [Driver Manager used is [UnixODBC 2.3.4].]

READER_1_1_1> CMN_1021 [2024-01-30 05:39:40.782] Database driver event...
CMN_1021 [ODBC Event Using array fetches.
ODBC Event Using Single Row Inserts. connect string = [Driver=MySQL ODBC 8.0 Unicode Driver;Server=db4free.net;Database=fstm4db;Port=3306;USER=fstm4db;NO_SSPS=1;stmt=set time_zone = '+00:00';Charset=UTF8;OPTION=3;SSLMODE=DISABLED]. userid = [fstm4db]
ODBC Version:	03.52
.
DBMS Name:	MySQL
.
DBMS Version:	8.3.0
.
Driver Name:	libmyodbc8w.so
.
Driver Version:	08.00.0012
.
Driver ODBC Version:	03.80
.
MySQL rewrite batch optimization is disabled with maximum bind parameter size set to 2500.]

READER_1_1_1> BLKR_16003 [2024-01-30 05:39:40.783] Initialization completed successfully.
TRANSF_1_1_1> PETL_24091 [2024-01-30 05:39:40.783] Thread [TRANSF_1_1_1] has the ID [6].
WRITER_1_*_1> PETL_24091 [2024-01-30 05:39:40.784] Thread [WRITER_1_*_1] has the ID [7].
WRITER_1_*_1> WRT_8147 [2024-01-30 05:39:40.784] Writer: Target is Database [odbc://dbtype=MySQL;host=db4free.net;port=3306;database=fstm4db], Type [ODBC], User [fstm4db], Bulk Mode [OFF]
WRITER_1_*_1> CMN_1021 [2024-01-30 05:39:40.784] Database driver event...
CMN_1021 [Driver Manager used is [UnixODBC 2.3.4].]

WRITER_1_*_1> CMN_1021 [2024-01-30 05:39:43.394] Database driver event...
CMN_1021 [ODBC Event Using array fetches.
ODBC Event Using Single Row Inserts. connect string = [Driver=MySQL ODBC 8.0 Unicode Driver;Server=db4free.net;Database=fstm4db;Port=3306;USER=fstm4db;NO_SSPS=1;stmt=set time_zone = '+00:00';Charset=UTF8;OPTION=3;SSLMODE=DISABLED]. userid = [fstm4db]
ODBC Version:	03.52
.
DBMS Name:	MySQL
.
DBMS Version:	8.3.0
.
Driver Name:	libmyodbc8w.so
.
Driver Version:	08.00.0012
.
Driver ODBC Version:	03.80
.
MySQL rewrite batch optimization is disabled with maximum bind parameter size set to 2500.]

WRITER_1_*_1> WRT_8221 [2024-01-30 05:39:43.973] Target database connection [Conn_012FV20B000000000003] code page: [UTF-8 encoding of Unicode]
WRITER_1_*_1> WRT_8124 [2024-01-30 05:39:43.986] Target Table Sasmita_Ranked_Phones :SQL INSERT statement:
INSERT INTO fstm4db.Sasmita_Ranked_Phones(Prod_ID,Prod_Name,Prod_Price)  VALUES ( ?, ?, ?) 
WRITER_1_*_1> WRT_8124 [2024-01-30 05:39:43.986] Target Table Sasmita_Ranked_Phones :SQL UPDATE statement:
UPDATE fstm4db.Sasmita_Ranked_Phones SET Prod_Name = ?, Prod_Price = ? WHERE Prod_ID = ?
WRITER_1_*_1> WRT_8124 [2024-01-30 05:39:43.986] Target Table Sasmita_Ranked_Phones :SQL DELETE statement:
DELETE FROM fstm4db.Sasmita_Ranked_Phones WHERE Prod_ID = ?
WRITER_1_*_1> WRT_8270 [2024-01-30 05:39:43.986] Target connection group #1 consists of target(s) [Sasmita_Ranked_Phones]
WRITER_1_*_1> WRT_8003 [2024-01-30 05:39:43.986] Writer initialization complete.
READER_1_1_1> BLKR_16007 [2024-01-30 05:39:43.987] Reader run started.
WRITER_1_*_1> WRT_8005 [2024-01-30 05:39:43.987] Writer run started.
WRITER_1_*_1> WRT_8158 [2024-01-30 05:39:43.987] 

*****START LOAD SESSION*****

Load Start Time: Tue Jan 30 05:39:43 2024

Target tables:

     Sasmita_Ranked_Phones


READER_1_1_1> RR_4010 [2024-01-30 05:39:43.987] SQ instance [Source] SQL Query [SELECT fstm4db.Phones.Prod_ID, fstm4db.Phones.Prod_Name, fstm4db.Phones.Prod_Desc, fstm4db.Phones.Prod_Price FROM fstm4db.Phones]
READER_1_1_1> RR_4049 [2024-01-30 05:39:43.987] SQL Query issued to database : (Tue Jan 30 05:39:43 2024)
READER_1_1_1> RR_4050 [2024-01-30 05:39:44.280] First row returned from database to reader : (Tue Jan 30 05:39:44 2024)
READER_1_1_1> BLKR_16019 [2024-01-30 05:39:44.280] Read [100] rows, read [0] error rows for source table [Phones] instance name [Phones]
READER_1_1_1> BLKR_16008 [2024-01-30 05:39:44.280] Reader run completed.
TRANSF_1_1_1> TE_7032 [2024-01-30 05:39:44.330] The B-Tree being managed in files
/data2/home/cldagnt/SystemAgent/apps/Data_Integration_Server/data/012FV20E00000000005P/012FV2/cache/PMAGG-500446686_5_0.dat for Data and

/data2/home/cldagnt/SystemAgent/apps/Data_Integration_Server/data/012FV20E00000000005P/012FV2/cache/PMAGG-500446686_5_0.idx for Index has:
	Index Size:	1
	Row Size:	15656
	Order:		100
	Minimum Order:	50
	Height:		1
	Entries:	1
	IndexPageSize:	1296
	IndexPages:	810
	DataPageSize:	15872
	DataPages:	133

WRITER_1_*_1> WRT_8167 [2024-01-30 05:39:44.330] Start loading table [Sasmita_Ranked_Phones] at: Tue Jan 30 05:39:43 2024
TRANSF_1_1_1> DBG_21216 [2024-01-30 05:39:44.330] Finished transformations for Source Qualifier [Source]. Total errors [0] 
WRITER_1_*_1> WRT_8168 [2024-01-30 05:39:47.229] End loading table [Sasmita_Ranked_Phones] at: Tue Jan 30 05:39:46 2024
WRITER_1_*_1> WRT_8141 [2024-01-30 05:39:47.620] 
Commit on end-of-data  Tue Jan 30 05:39:46 2024
===================================================

WRT_8036 Target: Sasmita_Ranked_Phones (Instance Name: [Sasmita_Ranked_Phones])
WRT_8038 Inserted rows - Requested: 10         Applied: 10         Rejected: 0          Affected: 10        

WRITER_1_*_1> WRT_8035 [2024-01-30 05:39:47.620] Load complete time: Tue Jan 30 05:39:46 2024

LOAD SUMMARY
============

WRT_8036 Target: Sasmita_Ranked_Phones (Instance Name: [Sasmita_Ranked_Phones])
WRT_8038 Inserted rows - Requested: 10         Applied: 10         Rejected: 0          Affected: 10        


WRITER_1_*_1> WRT_8043 [2024-01-30 05:39:47.620] *****END LOAD SESSION*****
WRITER_1_*_1> WRT_8006 [2024-01-30 05:39:47.920] Writer run completed.
MANAGER> PETL_24031 [2024-01-30 05:39:47.921] 
***** RUN INFO FOR TGT LOAD ORDER GROUP [1], CONCURRENT SET [1] *****
Thread [READER_1_1_1] created for [the read stage] of partition point [Source] has completed.
	Total Run Time = [0.584383] secs
	Total Idle Time = [0.000000] secs
	Busy Percentage = [100.000000]
Thread [TRANSF_1_1_1] created for [the transformation stage] of partition point [Source] has completed. The total run time was insufficient for any meaningful statistics.
Thread [WRITER_1_*_1] created for [the write stage] of partition point [Sasmita_Ranked_Phones] has completed.
	Total Run Time = [3.589667] secs
	Total Idle Time = [0.000000] secs
	Busy Percentage = [100.000000]

MAPPING> CMN_1791 [2024-01-30 05:39:47.921] The index cache size that would hold [1] aggregate groups of input rows for [Rank], in memory, is [1296] bytes
MAPPING> CMN_1790 [2024-01-30 05:39:47.921] The data cache size that would hold [1] aggregate groups of input rows for [Rank], in memory, is [15872] bytes
MANAGER> PETL_24005 [2024-01-30 05:39:47.921] Starting post-session tasks. : (Tue Jan 30 05:39:47 2024)
POST-SESS> PETL_24091 [2024-01-30 05:39:47.922] Thread [POST-SESS] has the ID [8].
MANAGER> PETL_24029 [2024-01-30 05:39:47.922] Post-session task completed successfully. : (Tue Jan 30 05:39:47 2024)
MAPPING> TM_6018 [2024-01-30 05:39:47.922] The session completed with [0] row transformation errors. 
MANAGER> TE_7216 [2024-01-30 05:39:47.923] Deleting cache files [/data2/home/cldagnt/SystemAgent/apps/Data_Integration_Server/data/012FV20E00000000005P/012FV2/cache/PMAGG-500446686_5_0.idx] for transformation [Rank].
MANAGER> TE_7216 [2024-01-30 05:39:47.923] Deleting cache files [/data2/home/cldagnt/SystemAgent/apps/Data_Integration_Server/data/012FV20E00000000005P/012FV2/cache/PMAGG-500446686_5_0.dat] for transformation [Rank].
MANAGER> PETL_24002 [2024-01-30 05:39:48.776] Parallel Pipeline Engine finished.
DIRECTOR> PETL_24012 [2024-01-30 05:39:48.777] Session run completed successfully.
DIRECTOR> TM_6022 [2024-01-30 05:39:48.777] 

SESSION LOAD SUMMARY
================================================

DIRECTOR> TM_6252 [2024-01-30 05:39:48.777] Source Load Summary.
DIRECTOR> CMN_1740 [2024-01-30 05:39:48.777] Table: [Source] (Instance Name: [Source] Instance UI Name: [Source])
	 Output Rows [100], Affected Rows [100], Applied Rows [100], Rejected Rows [0]
DIRECTOR> TM_6253 [2024-01-30 05:39:48.777] Target Load Summary.
DIRECTOR> CMN_1740 [2024-01-30 05:39:48.777] Table: [Sasmita_Ranked_Phones] (Instance Name: [Sasmita_Ranked_Phones] Instance UI Name: [Target])
	 Output Rows [10], Affected Rows [10], Applied Rows [10], Rejected Rows [0]
DIRECTOR> TM_6023 [2024-01-30 05:39:48.777] 
===================================================

DIRECTOR> TM_6020 [2024-01-30 05:39:48.777] Session [s_mtt_012FV20Z000000000003] completed at [Tue Jan 30 05:39:48 2024].
